<?xml version="1.0" encoding="UTF-8"?>
<testsuite xmlns:xsi="http://www.w3.org/2001/XMLSchema-instance" xsi:noNamespaceSchemaLocation="https://maven.apache.org/surefire/maven-surefire-plugin/xsd/surefire-test-report-3.0.xsd" version="3.0" name="via.doc1.devopsdemo.controller.TeamControllerTest" time="1.22" tests="1" errors="0" skipped="0" failures="0">
  <properties>
[...]
</properties>
  <testcase name="getTaskDetailsTest" classname="via.doc1.devopsdemo.controller.TeamControllerTest" time="0.331">
    <system-out><![CDATA[2024-03-11T18:41:16.896Z  INFO 651 --- [           main] t.c.s.AnnotationConfigContextLoaderUtils : Could not detect default configuration classes for test class [via.doc1.devopsdemo.controller.TeamControllerTest]: TeamControllerTest does not declare any static, non-private, non-final, nested classes annotated with @Configuration.
2024-03-11T18:41:16.949Z  INFO 651 --- [           main] .b.t.c.SpringBootTestContextBootstrapper : Found @SpringBootConfiguration via.doc1.devopsdemo.DevopsDemoApplication for test class via.doc1.devopsdemo.controller.TeamControllerTest

  .   ____          _            __ _ _
 /\\ / ___'_ __ _ _(_)_ __  __ _ \ \ \ \
( ( )\___ | '_ | '_| | '_ \/ _` | \ \ \ \
 \\/  ___)| |_)| | | | | || (_| |  ) ) ) )
  '  |____| .__|_| |_|_| |_\__, | / / / /
 =========|_|==============|___/=/_/_/_/
 :: Spring Boot ::                (v3.2.3)

2024-03-11T18:41:17.020Z  INFO 651 --- [           main] v.d.d.controller.TeamControllerTest      : Starting TeamControllerTest using Java 21.0.2 with PID 651 (started by vscode in /workspaces/devops-demo)
2024-03-11T18:41:17.020Z  INFO 651 --- [           main] v.d.d.controller.TeamControllerTest      : No active profile set, falling back to 1 default profile: "default"
2024-03-11T18:41:17.721Z  INFO 651 --- [           main] o.s.b.t.m.w.SpringBootMockServletContext : Initializing Spring TestDispatcherServlet ''
2024-03-11T18:41:17.722Z  INFO 651 --- [           main] o.s.t.web.servlet.TestDispatcherServlet  : Initializing Servlet ''
2024-03-11T18:41:17.726Z  INFO 651 --- [           main] o.s.t.web.servlet.TestDispatcherServlet  : Completed initialization in 1 ms
2024-03-11T18:41:17.746Z  INFO 651 --- [           main] v.d.d.controller.TeamControllerTest      : Started TeamControllerTest in 0.788 seconds (process running for 5.149)
org.springframework.mock.web.MockHttpServletResponse@3c488b34
]]></system-out>
  </testcase>
</testsuite>